TN:
SF:src/Arithmeticable.ts
FN:24,ArithmeticableCollection
FN:29,addArithmeticable
FN:38,getArithmeticable
FN:48,getNumberOfArithmeticals
FN:61,ComplexNumber
FN:67,add
FN:75,sub
FN:83,multiply
FN:93,divide
FNF:9
FNH:9
FNDA:1,ArithmeticableCollection
FNDA:1,addArithmeticable
FNDA:4,getArithmeticable
FNDA:1,getNumberOfArithmeticals
FNDA:46,ComplexNumber
FNDA:4,add
FNDA:4,sub
FNDA:4,multiply
FNDA:4,divide
DA:19,1
DA:24,1
DA:29,1
DA:30,1
DA:31,1
DA:38,1
DA:39,4
DA:40,2
DA:41,2
DA:42,2
DA:43,4
DA:48,1
DA:49,1
DA:50,1
DA:51,1
DA:56,1
DA:61,1
DA:67,1
DA:68,4
DA:69,4
DA:75,1
DA:76,4
DA:77,4
DA:83,1
DA:84,4
DA:85,4
DA:86,4
DA:87,4
DA:93,1
DA:94,4
DA:95,4
DA:96,4
DA:97,1
DA:98,1
DA:99,3
DA:100,3
DA:101,3
DA:102,3
DA:103,4
DA:104,1
LF:40
LH:40
BRDA:24,0,0,1
BRDA:29,1,0,1
BRDA:38,2,0,4
BRDA:39,3,0,3
BRDA:39,4,0,2
BRDA:48,5,0,1
BRDA:61,6,0,46
BRDA:67,7,0,4
BRDA:75,8,0,4
BRDA:83,9,0,4
BRDA:93,10,0,4
BRDA:96,11,0,1
BRDA:98,12,0,3
BRF:13
BRH:13
end_of_record
TN:
SF:src/Bird.ts
FN:1,(empty-report)
FNF:1
FNH:1
FNDA:1,(empty-report)
DA:5,0
DA:7,0
DA:9,0
DA:10,0
DA:11,0
DA:12,0
DA:13,0
DA:15,0
LF:8
LH:0
BRDA:1,0,0,1
BRF:1
BRH:1
end_of_record
TN:
SF:src/Documental.ts
FN:17,Documental
FN:39,DocumentalCollection
FN:48,busquedaPorAño
FN:62,busquedaPorDuracion
FN:74,busquedaPorNombre
FN:87,imprimirInfoElementos
FNF:6
FNH:6
FNDA:3,Documental
FNDA:1,DocumentalCollection
FNDA:3,busquedaPorAño
FNDA:3,busquedaPorDuracion
FNDA:3,busquedaPorNombre
FNDA:1,imprimirInfoElementos
DA:1,1
DA:6,1
DA:17,1
DA:18,3
DA:19,3
DA:20,3
DA:21,3
DA:22,3
DA:23,3
DA:24,3
DA:25,3
DA:26,1
DA:31,1
DA:39,1
DA:40,1
DA:41,1
DA:48,1
DA:49,3
DA:50,0
DA:51,0
DA:52,3
DA:53,6
DA:54,3
DA:55,3
DA:62,1
DA:63,3
DA:64,3
DA:65,6
DA:66,3
DA:67,3
DA:74,1
DA:75,3
DA:76,0
DA:77,0
DA:78,3
DA:79,6
DA:80,3
DA:81,3
DA:87,1
DA:88,1
DA:89,0
DA:90,0
DA:91,0
DA:92,1
DA:93,1
DA:94,1
DA:95,2
DA:96,2
DA:97,2
DA:98,2
DA:99,2
DA:100,2
DA:101,2
DA:102,2
DA:103,1
DA:104,1
DA:105,1
LF:57
LH:50
BRDA:17,0,0,3
BRDA:39,1,0,1
BRDA:48,2,0,3
BRDA:49,3,0,0
BRDA:52,4,0,6
BRDA:62,5,0,3
BRDA:63,6,0,0
BRDA:64,7,0,6
BRDA:74,8,0,3
BRDA:75,9,0,0
BRDA:78,10,0,6
BRDA:87,11,0,1
BRDA:88,12,0,0
BRDA:94,13,0,2
BRDA:101,14,0,0
BRF:15
BRH:10
end_of_record
TN:
SF:src/Pelicula.ts
FN:7,Pelicula
FN:26,PeliculaCollection
FN:35,busquedaPorAño
FN:46,busquedaPorDuracion
FN:57,busquedaPorNombre
FN:67,imprimirInfoElementos
FNF:6
FNH:6
FNDA:3,Pelicula
FNDA:1,PeliculaCollection
FNDA:3,busquedaPorAño
FNDA:3,busquedaPorDuracion
FNDA:3,busquedaPorNombre
FNDA:1,imprimirInfoElementos
DA:1,1
DA:6,1
DA:7,1
DA:8,3
DA:9,3
DA:10,3
DA:11,3
DA:12,3
DA:13,1
DA:18,1
DA:26,1
DA:27,1
DA:28,1
DA:35,1
DA:36,3
DA:37,6
DA:38,3
DA:39,3
DA:46,1
DA:47,3
DA:48,6
DA:49,3
DA:50,3
DA:57,1
DA:58,3
DA:59,6
DA:60,3
DA:61,3
DA:67,1
DA:68,1
DA:69,0
DA:70,0
DA:71,0
DA:72,1
DA:73,1
DA:74,1
DA:75,2
DA:76,2
DA:77,2
DA:78,2
DA:79,2
DA:80,1
DA:81,1
DA:82,1
LF:44
LH:41
BRDA:7,0,0,3
BRDA:26,1,0,1
BRDA:35,2,0,3
BRDA:36,3,0,6
BRDA:46,4,0,3
BRDA:47,5,0,6
BRDA:57,6,0,3
BRDA:58,7,0,6
BRDA:67,8,0,1
BRDA:68,9,0,0
BRDA:74,10,0,2
BRF:11
BRH:10
end_of_record
TN:
SF:src/Serie.ts
FN:7,Serie
FN:29,SerieCollection
FN:38,busquedaPorAño
FN:52,busquedaPorDuracion
FN:66,busquedaPorNombre
FN:79,imprimirInfoElementos
FNF:6
FNH:6
FNDA:3,Serie
FNDA:1,SerieCollection
FNDA:3,busquedaPorAño
FNDA:3,busquedaPorDuracion
FNDA:3,busquedaPorNombre
FNDA:1,imprimirInfoElementos
DA:1,1
DA:6,1
DA:7,1
DA:8,3
DA:9,3
DA:10,3
DA:11,3
DA:12,3
DA:13,3
DA:14,3
DA:16,1
DA:21,1
DA:29,1
DA:30,1
DA:31,1
DA:38,1
DA:39,3
DA:40,0
DA:41,0
DA:42,3
DA:43,6
DA:44,3
DA:45,3
DA:52,1
DA:53,3
DA:54,0
DA:55,0
DA:56,3
DA:57,6
DA:58,3
DA:59,3
DA:66,1
DA:67,3
DA:68,0
DA:69,0
DA:70,3
DA:71,6
DA:72,3
DA:73,3
DA:79,1
DA:80,1
DA:81,0
DA:82,0
DA:83,0
DA:84,1
DA:85,1
DA:86,1
DA:87,2
DA:88,2
DA:89,2
DA:90,2
DA:91,2
DA:92,2
DA:93,1
DA:94,1
DA:95,1
LF:56
LH:47
BRDA:7,0,0,3
BRDA:29,1,0,1
BRDA:38,2,0,3
BRDA:39,3,0,0
BRDA:42,4,0,6
BRDA:52,5,0,3
BRDA:53,6,0,0
BRDA:56,7,0,6
BRDA:66,8,0,3
BRDA:67,9,0,0
BRDA:70,10,0,6
BRDA:79,11,0,1
BRDA:80,12,0,0
BRDA:86,13,0,2
BRF:14
BRH:10
end_of_record
TN:
SF:src/Streamable.ts
FN:29,<instance_members_initializer>
FN:40,BasicStreamableCollection
FN:49,get listaElementos
FN:55,get puntuacionPromedio
FN:61,get numeroVisualizaciones
FN:67,get numeroElementos
FN:75,retirarElemento
FN:85,añadirElemento
FNF:8
FNH:8
FNDA:3,<instance_members_initializer>
FNDA:3,BasicStreamableCollection
FNDA:66,get listaElementos
FNDA:3,get puntuacionPromedio
FNDA:3,get numeroVisualizaciones
FNDA:3,get numeroElementos
FNDA:3,retirarElemento
FNDA:3,añadirElemento
DA:28,1
DA:29,1
DA:30,3
DA:31,3
DA:32,3
DA:40,1
DA:41,3
DA:42,3
DA:43,3
DA:44,3
DA:45,3
DA:49,1
DA:50,66
DA:51,66
DA:55,1
DA:56,3
DA:57,3
DA:61,1
DA:62,3
DA:63,3
DA:67,1
DA:68,3
DA:69,3
DA:75,1
DA:76,3
DA:77,9
DA:78,3
DA:79,3
DA:85,1
DA:86,3
DA:87,3
DA:115,1
LF:32
LH:32
BRDA:29,0,0,3
BRDA:40,1,0,3
BRDA:49,2,0,66
BRDA:55,3,0,3
BRDA:61,4,0,3
BRDA:67,5,0,3
BRDA:75,6,0,3
BRDA:76,7,0,9
BRDA:85,8,0,3
BRF:9
BRH:9
end_of_record
TN:
SF:src/artista.ts
FN:1,(empty-report)
FNF:1
FNH:1
FNDA:1,(empty-report)
DA:7,0
DA:15,0
DA:16,0
DA:17,0
DA:18,0
DA:19,0
DA:20,0
DA:21,0
DA:22,0
DA:23,0
DA:24,0
LF:11
LH:0
BRDA:1,0,0,1
BRF:1
BRH:1
end_of_record
TN:
SF:src/bibliotecaMusical.ts
FN:1,(empty-report)
FNF:1
FNH:1
FNDA:1,(empty-report)
DA:2,0
DA:3,0
DA:22,0
DA:27,0
DA:28,0
DA:29,0
DA:34,0
DA:35,0
DA:36,0
DA:37,0
DA:38,0
DA:39,0
DA:40,0
DA:41,0
DA:42,0
DA:43,0
DA:44,0
DA:45,0
DA:46,0
DA:47,0
DA:48,0
DA:49,0
DA:50,0
DA:51,0
DA:52,0
DA:53,0
DA:54,0
DA:55,0
DA:56,0
DA:57,0
DA:58,0
DA:59,0
DA:60,0
DA:61,0
DA:62,0
DA:63,0
DA:64,0
DA:65,0
DA:66,0
DA:67,0
DA:68,0
DA:69,0
DA:70,0
DA:71,0
DA:72,0
DA:73,0
DA:74,0
DA:75,0
DA:76,0
DA:77,0
DA:78,0
DA:79,0
DA:80,0
DA:81,0
DA:82,0
DA:83,0
DA:84,0
DA:85,0
DA:86,0
DA:87,0
DA:88,0
DA:89,0
DA:90,0
DA:97,0
DA:98,0
DA:99,0
DA:100,0
DA:101,0
DA:102,0
DA:103,0
DA:110,0
DA:111,0
DA:112,0
DA:113,0
DA:114,0
DA:115,0
DA:116,0
DA:122,0
DA:123,0
DA:124,0
DA:131,0
DA:132,0
DA:133,0
DA:134,0
DA:135,0
DA:136,0
DA:137,0
DA:138,0
DA:139,0
DA:140,0
DA:141,0
DA:142,0
DA:143,0
DA:144,0
DA:145,0
DA:146,0
DA:147,0
DA:148,0
DA:149,0
DA:150,0
DA:151,0
DA:152,0
DA:153,0
DA:154,0
DA:155,0
DA:156,0
DA:157,0
DA:158,0
DA:159,0
DA:160,0
DA:161,0
DA:162,0
DA:163,0
DA:164,0
DA:165,0
DA:166,0
DA:167,0
DA:168,0
DA:169,0
DA:170,0
DA:171,0
DA:172,0
DA:173,0
DA:174,0
DA:175,0
DA:176,0
DA:177,0
DA:178,0
DA:179,0
DA:180,0
DA:181,0
DA:182,0
DA:183,0
DA:184,0
DA:185,0
DA:186,0
DA:187,0
DA:188,0
DA:189,0
DA:190,0
DA:191,0
DA:192,0
DA:193,0
DA:194,0
DA:195,0
DA:196,0
DA:197,0
DA:198,0
DA:199,0
DA:200,0
DA:201,0
DA:202,0
DA:203,0
DA:204,0
DA:205,0
DA:206,0
DA:207,0
DA:208,0
DA:209,0
DA:210,0
DA:211,0
DA:212,0
DA:213,0
DA:214,0
DA:215,0
DA:216,0
DA:217,0
DA:218,0
DA:219,0
DA:220,0
DA:221,0
DA:222,0
DA:223,0
DA:224,0
DA:225,0
DA:226,0
DA:227,0
DA:228,0
DA:229,0
DA:230,0
DA:237,0
DA:238,0
DA:239,0
DA:240,0
DA:241,0
DA:242,0
DA:243,0
DA:244,0
DA:245,0
DA:246,0
DA:247,0
DA:248,0
DA:249,0
DA:250,0
DA:251,0
DA:252,0
DA:253,0
DA:254,0
DA:255,0
DA:256,0
DA:257,0
DA:258,0
DA:259,0
DA:260,0
DA:261,0
DA:262,0
DA:263,0
DA:264,0
DA:265,0
DA:266,0
DA:267,0
DA:268,0
DA:269,0
DA:270,0
DA:271,0
DA:272,0
DA:273,0
DA:274,0
DA:275,0
DA:276,0
DA:277,0
DA:278,0
DA:279,0
DA:280,0
DA:281,0
DA:282,0
DA:283,0
DA:284,0
DA:285,0
DA:286,0
DA:287,0
DA:288,0
DA:289,0
DA:290,0
DA:291,0
DA:292,0
DA:293,0
DA:294,0
DA:295,0
DA:296,0
DA:297,0
DA:298,0
DA:299,0
DA:300,0
DA:301,0
DA:302,0
DA:303,0
DA:304,0
DA:305,0
DA:312,0
DA:313,0
DA:314,0
DA:315,0
DA:316,0
DA:317,0
DA:318,0
DA:319,0
DA:320,0
DA:321,0
DA:322,0
DA:323,0
DA:324,0
DA:325,0
DA:326,0
DA:327,0
DA:328,0
DA:329,0
DA:330,0
DA:331,0
DA:332,0
DA:333,0
DA:334,0
DA:335,0
DA:336,0
DA:337,0
DA:338,0
DA:339,0
DA:340,0
DA:341,0
DA:342,0
DA:343,0
DA:344,0
DA:345,0
DA:346,0
DA:347,0
DA:348,0
DA:349,0
DA:355,0
DA:356,0
DA:357,0
DA:358,0
DA:359,0
DA:360,0
DA:361,0
DA:362,0
DA:363,0
DA:364,0
LF:297
LH:0
BRDA:1,0,0,1
BRF:1
BRH:1
end_of_record
TN:
SF:src/cancion.ts
FN:1,(empty-report)
FNF:1
FNH:1
FNDA:1,(empty-report)
DA:5,0
DA:15,0
DA:16,0
DA:17,0
DA:18,0
DA:19,0
DA:20,0
DA:21,0
DA:22,0
DA:23,0
DA:24,0
DA:25,0
DA:26,0
DA:27,0
DA:28,0
DA:29,0
LF:16
LH:0
BRDA:1,0,0,1
BRF:1
BRH:1
end_of_record
TN:
SF:src/discografia.ts
FN:1,(empty-report)
FNF:1
FNH:1
FNDA:1,(empty-report)
DA:8,0
DA:16,0
DA:17,0
DA:18,0
DA:19,0
DA:20,0
DA:21,0
DA:22,0
DA:23,0
DA:24,0
DA:25,0
DA:27,0
DA:32,0
DA:33,0
DA:35,0
DA:36,0
DA:37,0
DA:38,0
DA:39,0
DA:41,0
DA:42,0
DA:43,0
DA:44,0
DA:45,0
DA:47,0
DA:48,0
DA:49,0
DA:50,0
DA:51,0
DA:56,0
DA:64,0
DA:65,0
DA:66,0
DA:67,0
DA:68,0
DA:69,0
DA:70,0
DA:71,0
DA:72,0
DA:73,0
LF:40
LH:0
BRDA:1,0,0,1
BRF:1
BRH:1
end_of_record
TN:
SF:src/emergencias.ts
FN:1,(empty-report)
FNF:1
FNH:1
FNDA:1,(empty-report)
DA:9,0
DA:11,0
DA:14,0
DA:15,0
DA:16,0
DA:17,0
DA:18,0
DA:21,0
DA:22,0
DA:23,0
DA:24,0
DA:25,0
DA:28,0
DA:29,0
DA:30,0
DA:31,0
DA:32,0
DA:33,0
DA:34,0
DA:37,0
DA:38,0
DA:40,0
DA:41,0
LF:23
LH:0
BRDA:1,0,0,1
BRF:1
BRH:1
end_of_record
TN:
SF:src/gestorFicheros.ts
FN:1,(empty-report)
FNF:1
FNH:0
FNDA:0,(empty-report)
DA:1,0
DA:11,0
DA:12,0
DA:15,0
DA:16,0
DA:17,0
DA:18,0
DA:19,0
DA:20,0
DA:21,0
DA:22,0
DA:23,0
DA:24,0
DA:26,0
DA:27,0
DA:30,0
DA:31,0
DA:32,0
DA:33,0
DA:34,0
DA:35,0
DA:36,0
DA:37,0
DA:38,0
DA:41,0
DA:44,0
DA:45,0
DA:48,0
DA:49,0
DA:50,0
DA:53,0
DA:54,0
LF:32
LH:0
BRDA:1,0,0,0
BRF:1
BRH:0
end_of_record
TN:
SF:src/impresora.ts
FN:1,(empty-report)
FNF:1
FNH:1
FNDA:1,(empty-report)
DA:9,0
DA:10,0
DA:11,0
DA:12,0
DA:13,0
DA:15,0
DA:16,0
DA:17,0
DA:18,0
DA:19,0
DA:21,0
DA:22,0
DA:23,0
DA:24,0
DA:26,0
DA:27,0
DA:28,0
DA:29,0
DA:32,0
DA:34,0
DA:36,0
DA:38,0
DA:40,0
DA:42,0
DA:44,0
LF:25
LH:0
BRDA:1,0,0,1
BRF:1
BRH:1
end_of_record
